Environment variables:
SLURM_NODEID=0
SLURM_TASK_PID=2556526
SLURM_PRIO_PROCESS=0
SLURM_SUBMIT_DIR=/data/coml-hawkes/lady6235/4yp
SLURM_PROCID=0
SLURM_JOB_GID=1001
SLURMD_NODENAME=arc-c190
SLURM_TASKS_PER_NODE=8
SLURM_NNODES=1
SLURM_NTASKS_PER_NODE=8
SLURM_JOB_NODELIST=arc-c190
SLURM_CLUSTER_NAME=arc
SLURM_NODELIST=arc-c190
SLURM_NTASKS=8
SLURM_JOB_CPUS_PER_NODE=8
SLURM_TOPOLOGY_ADDR=arc-ibcore[01-02].arc-ibedge04.arc-c190
SLURM_WORKING_CLUSTER=arc:10.137.128.37:6817:9216:101
SLURM_JOB_NAME=4yp_01
SLURM_JOBID=3948311
SLURM_CONF=/etc/slurm/slurm.conf
SLURM_NODE_ALIASES=(null)
SLURM_JOB_QOS=v1.0
SLURM_TOPOLOGY_ADDR_PATTERN=switch.switch.node
SLURM_CPUS_ON_NODE=8
SLURM_JOB_NUM_NODES=1
SLURM_MEM_PER_NODE=65536
SLURM_JOB_UID=7091
SLURM_JOB_PARTITION=short
SLURM_JOB_USER=lady6235
SLURM_NPROCS=8
SLURM_SUBMIT_HOST=arc-login02
SLURM_JOB_ACCOUNT=coml-hawkes
SLURM_GTIDS=0
SLURM_JOB_ID=3948311
SLURM_LOCALID=0
Files copied across:
.
├── 01_code.py
├── code
├── output
├── plotting
│   ├── __init__.py
│   └── plots.py
└── reusable
    ├── __init__.py
    ├── __pycache__
    │   ├── __init__.cpython-310.pyc
    │   ├── gp.cpython-310.pyc
    │   ├── kernels.cpython-310.pyc
    │   ├── svi.cpython-310.pyc
    │   └── vae.cpython-310.pyc
    ├── gp.py
    ├── kernels.py
    ├── svi.py
    ├── util.py
    └── vae.py

5 directories, 14 files
2023-02-02 16:23:07.642946: W external/org_tensorflow/tensorflow/tsl/platform/default/dso_loader.cc:66] Could not load dynamic library 'libcuda.so.1'; dlerror: libcuda.so.1: cannot open shared object file: No such file or directory
2023-02-02 16:23:07.643116: W external/org_tensorflow/tensorflow/compiler/xla/stream_executor/cuda/cuda_driver.cc:265] failed call to cuInit: UNKNOWN ERROR (303)
No GPU/TPU found, falling back to CPU. (Set TF_CPP_MIN_LOG_LEVEL=0 and rerun for more info.)
Epoch 0: loss = 2112.454345703125 (29.00 s.)
Epoch 1: loss = 2080.49169921875 (28.94 s.)
Epoch 2: loss = 824.701904296875 (28.98 s.)
Epoch 3: loss = 806.9152221679688 (29.04 s.)
Epoch 4: loss = 127.92802429199219 (28.86 s.)
Epoch 5: loss = 75.33502197265625 (29.05 s.)
Epoch 6: loss = 63.86137771606445 (29.00 s.)
Epoch 7: loss = -6.158934116363525 (28.94 s.)
Epoch 8: loss = -28.458999633789062 (29.03 s.)
Epoch 9: loss = -32.81230545043945 (29.01 s.)
Epoch 10: loss = -37.543663024902344 (28.86 s.)
Epoch 11: loss = -39.65510559082031 (29.17 s.)
Epoch 12: loss = -64.23033905029297 (28.95 s.)
Epoch 13: loss = -72.94290161132812 (29.04 s.)
Epoch 14: loss = -76.93258666992188 (29.21 s.)
Epoch 15: loss = -77.09652709960938 (28.96 s.)
Epoch 16: loss = -77.44034576416016 (28.76 s.)
Epoch 17: loss = -78.89977264404297 (28.94 s.)
Epoch 18: loss = -79.20036315917969 (28.76 s.)
Epoch 19: loss = -80.0003890991211 (29.05 s.)
Epoch 20: loss = -89.44310760498047 (29.07 s.)
Epoch 21: loss = -94.00826263427734 (29.09 s.)
Epoch 22: loss = -96.20447540283203 (29.32 s.)
Epoch 23: loss = -97.00961303710938 (29.15 s.)
Epoch 24: loss = -97.16093444824219 (28.74 s.)
Epoch 25: loss = -97.2041015625 (28.98 s.)
Epoch 26: loss = -97.78419494628906 (28.86 s.)
Epoch 27: loss = -97.6951904296875 (29.95 s.)
Epoch 28: loss = -97.96517181396484 (30.73 s.)
Epoch 29: loss = -98.10045623779297 (30.75 s.)
Epoch 30: loss = -97.4032974243164 (30.62 s.)
Epoch 31: loss = -99.4020004272461 (30.75 s.)
Epoch 32: loss = -99.85597229003906 (30.61 s.)
Epoch 33: loss = -99.80928802490234 (30.79 s.)
Epoch 34: loss = -102.07777404785156 (30.63 s.)
Epoch 35: loss = -101.84276580810547 (30.65 s.)
Epoch 36: loss = -102.37550354003906 (30.79 s.)
Epoch 37: loss = -102.58558654785156 (30.53 s.)
Epoch 38: loss = -103.94418334960938 (30.85 s.)
Epoch 39: loss = -103.18048095703125 (30.57 s.)
Epoch 40: loss = -103.64318084716797 (30.60 s.)
Epoch 41: loss = -104.31289672851562 (30.82 s.)
Epoch 42: loss = -104.75463104248047 (30.73 s.)
Epoch 43: loss = -104.11617279052734 (30.62 s.)
Epoch 44: loss = -104.39374542236328 (30.89 s.)
Epoch 45: loss = -104.86412811279297 (30.61 s.)
Epoch 46: loss = -104.81222534179688 (30.86 s.)
Epoch 47: loss = -105.01411437988281 (30.63 s.)
Epoch 48: loss = -105.00677490234375 (30.62 s.)
Epoch 49: loss = -104.73072814941406 (30.83 s.)
Outputs created: 
./output
├── 01_args.dill
└── 01_decoder_1d_n100

0 directories, 2 files
sending incremental file list
01_args.dill
01_decoder_1d_n100

sent 23,553 bytes  received 54 bytes  47,214.00 bytes/sec
total size is 23,363  speedup is 0.99
